2024-04-20T14:31:38.835Z LINE_NOTIFY_TOKEN is not found.
2024-04-20T14:31:42.384Z LINE_NOTIFY_TOKEN is not found.
2024-04-20T14:31:47.350Z LINE_NOTIFY_TOKEN is not found.
2024-04-20T14:32:13.745Z LINE_NOTIFY_TOKEN is not found.
2024-04-20T14:32:14.657Z LINE_NOTIFY_TOKEN is not found.
2024-04-20T14:34:08.077Z LINE_NOTIFY_TOKEN is not found.
2024-04-20T14:34:09.271Z LINE_NOTIFY_TOKEN is not found.
2024-04-20T14:45:51.226Z [{"code":"too_small","minimum":3,"type":"string","inclusive":true,"exact":false,"message":"String must contain at least 3 character(s)","path":["name"]},{"validation":"email","code":"invalid_string","message":"Invalid email","path":["email"]},{"code":"too_small","minimum":8,"type":"string","inclusive":true,"exact":false,"message":"String must contain at least 8 character(s)","path":["email"]},{"expected":"'suggest' | 'ask' | 'job' | 'other'","received":"undefined","code":"invalid_type","path":["topic"],"message":"Required"},{"code":"invalid_type","expected":"string","received":"undefined","path":["message"],"message":"Required"}]
2024-04-20T14:45:51.227Z name_too_small
2024-04-20T14:45:51.229Z [{"code":"too_small","minimum":3,"type":"string","inclusive":true,"exact":false,"message":"String must contain at least 3 character(s)","path":["name"]},{"validation":"email","code":"invalid_string","message":"Invalid email","path":["email"]},{"code":"too_small","minimum":8,"type":"string","inclusive":true,"exact":false,"message":"String must contain at least 8 character(s)","path":["email"]},{"expected":"'suggest' | 'ask' | 'job' | 'other'","received":"undefined","code":"invalid_type","path":["topic"],"message":"Required"},{"code":"invalid_type","expected":"string","received":"undefined","path":["message"],"message":"Required"}]
2024-04-20T14:45:51.229Z name_too_small
2024-04-20T14:45:51.232Z LINE_NOTIFY_TOKEN is not found.
2024-04-20T14:45:51.238Z LINE_NOTIFY_TOKEN is not found.
2024-04-20T14:45:51.239Z LINE_NOTIFY_TOKEN is not found.
2024-04-20T14:45:51.246Z LINE_NOTIFY_TOKEN is not found.
2024-04-20T14:45:51.261Z [{"code":"too_small","minimum":3,"type":"string","inclusive":true,"exact":false,"message":"String must contain at least 3 character(s)","path":["name"]},{"validation":"email","code":"invalid_string","message":"Invalid email","path":["email"]},{"code":"too_small","minimum":8,"type":"string","inclusive":true,"exact":false,"message":"String must contain at least 8 character(s)","path":["email"]},{"expected":"'suggest' | 'ask' | 'job' | 'other'","received":"undefined","code":"invalid_type","path":["topic"],"message":"Required"},{"code":"invalid_type","expected":"string","received":"undefined","path":["message"],"message":"Required"}]
2024-04-20T14:45:51.261Z name_too_small
2024-04-20T14:45:51.263Z [{"code":"too_small","minimum":3,"type":"string","inclusive":true,"exact":false,"message":"String must contain at least 3 character(s)","path":["name"]},{"validation":"email","code":"invalid_string","message":"Invalid email","path":["email"]},{"code":"too_small","minimum":8,"type":"string","inclusive":true,"exact":false,"message":"String must contain at least 8 character(s)","path":["email"]},{"expected":"'suggest' | 'ask' | 'job' | 'other'","received":"undefined","code":"invalid_type","path":["topic"],"message":"Required"},{"code":"invalid_type","expected":"string","received":"undefined","path":["message"],"message":"Required"}]
2024-04-20T14:45:51.263Z name_too_small
2024-04-20T14:45:51.269Z undefined
2024-04-20T14:45:51.272Z undefined
2024-04-20T14:46:13.747Z [{"code":"too_small","minimum":3,"type":"string","inclusive":true,"exact":false,"message":"String must contain at least 3 character(s)","path":["name"]},{"validation":"email","code":"invalid_string","message":"Invalid email","path":["email"]},{"code":"too_small","minimum":8,"type":"string","inclusive":true,"exact":false,"message":"String must contain at least 8 character(s)","path":["email"]},{"expected":"'suggest' | 'ask' | 'job' | 'other'","received":"undefined","code":"invalid_type","path":["topic"],"message":"Required"},{"code":"invalid_type","expected":"string","received":"undefined","path":["message"],"message":"Required"}]
2024-04-20T14:46:13.747Z name_too_small
2024-04-20T14:46:13.749Z [{"code":"too_small","minimum":3,"type":"string","inclusive":true,"exact":false,"message":"String must contain at least 3 character(s)","path":["name"]},{"validation":"email","code":"invalid_string","message":"Invalid email","path":["email"]},{"code":"too_small","minimum":8,"type":"string","inclusive":true,"exact":false,"message":"String must contain at least 8 character(s)","path":["email"]},{"expected":"'suggest' | 'ask' | 'job' | 'other'","received":"undefined","code":"invalid_type","path":["topic"],"message":"Required"},{"code":"invalid_type","expected":"string","received":"undefined","path":["message"],"message":"Required"}]
2024-04-20T14:46:13.749Z name_too_small
2024-04-20T14:46:13.751Z LINE_NOTIFY_TOKEN is not found.
2024-04-20T14:46:13.758Z LINE_NOTIFY_TOKEN is not found.
2024-04-20T14:46:13.759Z LINE_NOTIFY_TOKEN is not found.
2024-04-20T14:46:13.763Z LINE_NOTIFY_TOKEN is not found.
2024-04-20T14:46:13.775Z [{"code":"too_small","minimum":3,"type":"string","inclusive":true,"exact":false,"message":"String must contain at least 3 character(s)","path":["name"]},{"validation":"email","code":"invalid_string","message":"Invalid email","path":["email"]},{"code":"too_small","minimum":8,"type":"string","inclusive":true,"exact":false,"message":"String must contain at least 8 character(s)","path":["email"]},{"expected":"'suggest' | 'ask' | 'job' | 'other'","received":"undefined","code":"invalid_type","path":["topic"],"message":"Required"},{"code":"invalid_type","expected":"string","received":"undefined","path":["message"],"message":"Required"}]
2024-04-20T14:46:13.775Z name_too_small
2024-04-20T14:46:13.777Z [{"code":"too_small","minimum":3,"type":"string","inclusive":true,"exact":false,"message":"String must contain at least 3 character(s)","path":["name"]},{"validation":"email","code":"invalid_string","message":"Invalid email","path":["email"]},{"code":"too_small","minimum":8,"type":"string","inclusive":true,"exact":false,"message":"String must contain at least 8 character(s)","path":["email"]},{"expected":"'suggest' | 'ask' | 'job' | 'other'","received":"undefined","code":"invalid_type","path":["topic"],"message":"Required"},{"code":"invalid_type","expected":"string","received":"undefined","path":["message"],"message":"Required"}]
2024-04-20T14:46:13.777Z name_too_small
2024-04-20T14:46:13.783Z undefined
2024-04-20T14:46:13.785Z undefined
2024-04-20T14:46:30.293Z [{"code":"too_small","minimum":3,"type":"string","inclusive":true,"exact":false,"message":"String must contain at least 3 character(s)","path":["name"]},{"validation":"email","code":"invalid_string","message":"Invalid email","path":["email"]},{"code":"too_small","minimum":8,"type":"string","inclusive":true,"exact":false,"message":"String must contain at least 8 character(s)","path":["email"]},{"expected":"'suggest' | 'ask' | 'job' | 'other'","received":"undefined","code":"invalid_type","path":["topic"],"message":"Required"},{"code":"invalid_type","expected":"string","received":"undefined","path":["message"],"message":"Required"}]
2024-04-20T14:46:30.293Z name_too_small
2024-04-20T14:46:30.295Z [{"code":"too_small","minimum":3,"type":"string","inclusive":true,"exact":false,"message":"String must contain at least 3 character(s)","path":["name"]},{"validation":"email","code":"invalid_string","message":"Invalid email","path":["email"]},{"code":"too_small","minimum":8,"type":"string","inclusive":true,"exact":false,"message":"String must contain at least 8 character(s)","path":["email"]},{"expected":"'suggest' | 'ask' | 'job' | 'other'","received":"undefined","code":"invalid_type","path":["topic"],"message":"Required"},{"code":"invalid_type","expected":"string","received":"undefined","path":["message"],"message":"Required"}]
2024-04-20T14:46:30.295Z name_too_small
2024-04-20T14:46:30.301Z undefined
2024-04-20T14:46:30.303Z undefined
2024-04-20T14:46:33.422Z [{"code":"too_small","minimum":3,"type":"string","inclusive":true,"exact":false,"message":"String must contain at least 3 character(s)","path":["name"]},{"validation":"email","code":"invalid_string","message":"Invalid email","path":["email"]},{"code":"too_small","minimum":8,"type":"string","inclusive":true,"exact":false,"message":"String must contain at least 8 character(s)","path":["email"]},{"expected":"'suggest' | 'ask' | 'job' | 'other'","received":"undefined","code":"invalid_type","path":["topic"],"message":"Required"},{"code":"invalid_type","expected":"string","received":"undefined","path":["message"],"message":"Required"}]
2024-04-20T14:46:33.423Z name_too_small
2024-04-20T14:46:33.425Z [{"code":"too_small","minimum":3,"type":"string","inclusive":true,"exact":false,"message":"String must contain at least 3 character(s)","path":["name"]},{"validation":"email","code":"invalid_string","message":"Invalid email","path":["email"]},{"code":"too_small","minimum":8,"type":"string","inclusive":true,"exact":false,"message":"String must contain at least 8 character(s)","path":["email"]},{"expected":"'suggest' | 'ask' | 'job' | 'other'","received":"undefined","code":"invalid_type","path":["topic"],"message":"Required"},{"code":"invalid_type","expected":"string","received":"undefined","path":["message"],"message":"Required"}]
2024-04-20T14:46:33.425Z name_too_small
2024-04-20T14:46:33.428Z LINE_NOTIFY_TOKEN is not found.
2024-04-20T14:46:33.435Z LINE_NOTIFY_TOKEN is not found.
2024-04-20T14:46:33.437Z LINE_NOTIFY_TOKEN is not found.
2024-04-20T14:46:33.444Z LINE_NOTIFY_TOKEN is not found.
2024-04-20T14:50:28.511Z [{"code":"too_small","minimum":3,"type":"string","inclusive":true,"exact":false,"message":"String must contain at least 3 character(s)","path":["name"]},{"validation":"email","code":"invalid_string","message":"Invalid email","path":["email"]},{"code":"too_small","minimum":8,"type":"string","inclusive":true,"exact":false,"message":"String must contain at least 8 character(s)","path":["email"]},{"expected":"'suggest' | 'ask' | 'job' | 'other'","received":"undefined","code":"invalid_type","path":["topic"],"message":"Required"},{"code":"invalid_type","expected":"string","received":"undefined","path":["message"],"message":"Required"}]
2024-04-20T14:50:28.512Z name_too_small
2024-04-20T14:50:28.514Z [{"code":"too_small","minimum":3,"type":"string","inclusive":true,"exact":false,"message":"String must contain at least 3 character(s)","path":["name"]},{"validation":"email","code":"invalid_string","message":"Invalid email","path":["email"]},{"code":"too_small","minimum":8,"type":"string","inclusive":true,"exact":false,"message":"String must contain at least 8 character(s)","path":["email"]},{"expected":"'suggest' | 'ask' | 'job' | 'other'","received":"undefined","code":"invalid_type","path":["topic"],"message":"Required"},{"code":"invalid_type","expected":"string","received":"undefined","path":["message"],"message":"Required"}]
2024-04-20T14:50:28.514Z name_too_small
2024-04-20T14:50:28.516Z LINE_NOTIFY_TOKEN is not found.
2024-04-20T14:50:28.524Z LINE_NOTIFY_TOKEN is not found.
2024-04-20T14:50:28.525Z LINE_NOTIFY_TOKEN is not found.
2024-04-20T14:50:28.529Z LINE_NOTIFY_TOKEN is not found.
2024-04-20T15:06:54.321Z [{"code":"too_small","minimum":3,"type":"string","inclusive":true,"exact":false,"message":"String must contain at least 3 character(s)","path":["name"]},{"validation":"email","code":"invalid_string","message":"Invalid email","path":["email"]},{"code":"too_small","minimum":8,"type":"string","inclusive":true,"exact":false,"message":"String must contain at least 8 character(s)","path":["email"]},{"expected":"'suggest' | 'ask' | 'job' | 'other'","received":"undefined","code":"invalid_type","path":["topic"],"message":"Required"},{"code":"invalid_type","expected":"string","received":"undefined","path":["message"],"message":"Required"}]
2024-04-20T15:06:54.322Z name_too_small
2024-04-20T15:06:54.325Z [{"code":"too_small","minimum":3,"type":"string","inclusive":true,"exact":false,"message":"String must contain at least 3 character(s)","path":["name"]},{"validation":"email","code":"invalid_string","message":"Invalid email","path":["email"]},{"code":"too_small","minimum":8,"type":"string","inclusive":true,"exact":false,"message":"String must contain at least 8 character(s)","path":["email"]},{"expected":"'suggest' | 'ask' | 'job' | 'other'","received":"undefined","code":"invalid_type","path":["topic"],"message":"Required"},{"code":"invalid_type","expected":"string","received":"undefined","path":["message"],"message":"Required"}]
2024-04-20T15:06:54.325Z name_too_small
2024-04-20T15:06:54.327Z LINE_NOTIFY_TOKEN is not found.
2024-04-20T15:06:54.335Z LINE_NOTIFY_TOKEN is not found.
2024-04-20T15:06:54.337Z LINE_NOTIFY_TOKEN is not found.
2024-04-20T15:06:54.342Z LINE_NOTIFY_TOKEN is not found.
2024-04-20T15:41:09.615Z [{"code":"too_small","minimum":3,"type":"string","inclusive":true,"exact":false,"message":"String must contain at least 3 character(s)","path":["name"]},{"validation":"email","code":"invalid_string","message":"Invalid email","path":["email"]},{"code":"too_small","minimum":8,"type":"string","inclusive":true,"exact":false,"message":"String must contain at least 8 character(s)","path":["email"]},{"expected":"'suggest' | 'ask' | 'job' | 'other'","received":"undefined","code":"invalid_type","path":["topic"],"message":"Required"},{"code":"invalid_type","expected":"string","received":"undefined","path":["message"],"message":"Required"}]
2024-04-20T15:41:09.616Z name_too_small
2024-04-20T15:41:09.618Z [{"code":"too_small","minimum":3,"type":"string","inclusive":true,"exact":false,"message":"String must contain at least 3 character(s)","path":["name"]},{"validation":"email","code":"invalid_string","message":"Invalid email","path":["email"]},{"code":"too_small","minimum":8,"type":"string","inclusive":true,"exact":false,"message":"String must contain at least 8 character(s)","path":["email"]},{"expected":"'suggest' | 'ask' | 'job' | 'other'","received":"undefined","code":"invalid_type","path":["topic"],"message":"Required"},{"code":"invalid_type","expected":"string","received":"undefined","path":["message"],"message":"Required"}]
2024-04-20T15:41:09.618Z name_too_small
2024-04-20T15:41:09.634Z LINE_NOTIFY_TOKEN is not found.
2024-04-20T15:41:09.644Z LINE_NOTIFY_TOKEN is not found.
2024-04-20T15:41:09.647Z LINE_NOTIFY_TOKEN is not found.
2024-04-20T15:41:09.651Z LINE_NOTIFY_TOKEN is not found.
2024-04-20T15:41:36.405Z [{"code":"too_small","minimum":3,"type":"string","inclusive":true,"exact":false,"message":"String must contain at least 3 character(s)","path":["name"]},{"validation":"email","code":"invalid_string","message":"Invalid email","path":["email"]},{"code":"too_small","minimum":8,"type":"string","inclusive":true,"exact":false,"message":"String must contain at least 8 character(s)","path":["email"]},{"expected":"'suggest' | 'ask' | 'job' | 'other'","received":"undefined","code":"invalid_type","path":["topic"],"message":"Required"},{"code":"invalid_type","expected":"string","received":"undefined","path":["message"],"message":"Required"}]
2024-04-20T15:41:36.405Z name_too_small
2024-04-20T15:41:36.408Z [{"code":"too_small","minimum":3,"type":"string","inclusive":true,"exact":false,"message":"String must contain at least 3 character(s)","path":["name"]},{"validation":"email","code":"invalid_string","message":"Invalid email","path":["email"]},{"code":"too_small","minimum":8,"type":"string","inclusive":true,"exact":false,"message":"String must contain at least 8 character(s)","path":["email"]},{"expected":"'suggest' | 'ask' | 'job' | 'other'","received":"undefined","code":"invalid_type","path":["topic"],"message":"Required"},{"code":"invalid_type","expected":"string","received":"undefined","path":["message"],"message":"Required"}]
2024-04-20T15:41:36.408Z name_too_small
2024-04-20T15:41:36.427Z LINE_NOTIFY_TOKEN is not found.
2024-04-20T15:41:36.436Z LINE_NOTIFY_TOKEN is not found.
2024-04-20T15:41:36.439Z LINE_NOTIFY_TOKEN is not found.
2024-04-20T15:41:36.446Z LINE_NOTIFY_TOKEN is not found.
2024-04-20T15:42:08.665Z [{"code":"too_small","minimum":3,"type":"string","inclusive":true,"exact":false,"message":"String must contain at least 3 character(s)","path":["name"]},{"validation":"email","code":"invalid_string","message":"Invalid email","path":["email"]},{"code":"too_small","minimum":8,"type":"string","inclusive":true,"exact":false,"message":"String must contain at least 8 character(s)","path":["email"]},{"expected":"'suggest' | 'ask' | 'job' | 'other'","received":"undefined","code":"invalid_type","path":["topic"],"message":"Required"},{"code":"invalid_type","expected":"string","received":"undefined","path":["message"],"message":"Required"}]
2024-04-20T15:42:08.665Z name_too_small
2024-04-20T15:42:08.667Z [{"code":"too_small","minimum":3,"type":"string","inclusive":true,"exact":false,"message":"String must contain at least 3 character(s)","path":["name"]},{"validation":"email","code":"invalid_string","message":"Invalid email","path":["email"]},{"code":"too_small","minimum":8,"type":"string","inclusive":true,"exact":false,"message":"String must contain at least 8 character(s)","path":["email"]},{"expected":"'suggest' | 'ask' | 'job' | 'other'","received":"undefined","code":"invalid_type","path":["topic"],"message":"Required"},{"code":"invalid_type","expected":"string","received":"undefined","path":["message"],"message":"Required"}]
2024-04-20T15:42:08.667Z name_too_small
2024-04-20T15:42:08.685Z Cannot redefine property: env
2024-04-20T15:42:08.697Z Cannot redefine property: env
2024-04-20T15:42:08.702Z Cannot redefine property: env
2024-04-20T15:42:24.762Z [{"code":"too_small","minimum":3,"type":"string","inclusive":true,"exact":false,"message":"String must contain at least 3 character(s)","path":["name"]},{"validation":"email","code":"invalid_string","message":"Invalid email","path":["email"]},{"code":"too_small","minimum":8,"type":"string","inclusive":true,"exact":false,"message":"String must contain at least 8 character(s)","path":["email"]},{"expected":"'suggest' | 'ask' | 'job' | 'other'","received":"undefined","code":"invalid_type","path":["topic"],"message":"Required"},{"code":"invalid_type","expected":"string","received":"undefined","path":["message"],"message":"Required"}]
2024-04-20T15:42:24.762Z name_too_small
2024-04-20T15:42:24.764Z [{"code":"too_small","minimum":3,"type":"string","inclusive":true,"exact":false,"message":"String must contain at least 3 character(s)","path":["name"]},{"validation":"email","code":"invalid_string","message":"Invalid email","path":["email"]},{"code":"too_small","minimum":8,"type":"string","inclusive":true,"exact":false,"message":"String must contain at least 8 character(s)","path":["email"]},{"expected":"'suggest' | 'ask' | 'job' | 'other'","received":"undefined","code":"invalid_type","path":["topic"],"message":"Required"},{"code":"invalid_type","expected":"string","received":"undefined","path":["message"],"message":"Required"}]
2024-04-20T15:42:24.764Z name_too_small
2024-04-20T15:42:24.782Z Cannot redefine property: env
2024-04-20T15:42:24.788Z Cannot redefine property: env
2024-04-20T15:42:24.793Z Cannot redefine property: env
2024-04-20T15:42:41.326Z [{"code":"too_small","minimum":3,"type":"string","inclusive":true,"exact":false,"message":"String must contain at least 3 character(s)","path":["name"]},{"validation":"email","code":"invalid_string","message":"Invalid email","path":["email"]},{"code":"too_small","minimum":8,"type":"string","inclusive":true,"exact":false,"message":"String must contain at least 8 character(s)","path":["email"]},{"expected":"'suggest' | 'ask' | 'job' | 'other'","received":"undefined","code":"invalid_type","path":["topic"],"message":"Required"},{"code":"invalid_type","expected":"string","received":"undefined","path":["message"],"message":"Required"}]
2024-04-20T15:42:41.326Z name_too_small
2024-04-20T15:42:41.329Z [{"code":"too_small","minimum":3,"type":"string","inclusive":true,"exact":false,"message":"String must contain at least 3 character(s)","path":["name"]},{"validation":"email","code":"invalid_string","message":"Invalid email","path":["email"]},{"code":"too_small","minimum":8,"type":"string","inclusive":true,"exact":false,"message":"String must contain at least 8 character(s)","path":["email"]},{"expected":"'suggest' | 'ask' | 'job' | 'other'","received":"undefined","code":"invalid_type","path":["topic"],"message":"Required"},{"code":"invalid_type","expected":"string","received":"undefined","path":["message"],"message":"Required"}]
2024-04-20T15:42:41.329Z name_too_small
2024-04-20T15:42:41.351Z Cannot redefine property: env
2024-04-20T15:42:41.356Z Cannot redefine property: env
2024-04-20T15:42:41.360Z Cannot redefine property: env
2024-04-20T15:43:08.034Z [{"code":"too_small","minimum":3,"type":"string","inclusive":true,"exact":false,"message":"String must contain at least 3 character(s)","path":["name"]},{"validation":"email","code":"invalid_string","message":"Invalid email","path":["email"]},{"code":"too_small","minimum":8,"type":"string","inclusive":true,"exact":false,"message":"String must contain at least 8 character(s)","path":["email"]},{"expected":"'suggest' | 'ask' | 'job' | 'other'","received":"undefined","code":"invalid_type","path":["topic"],"message":"Required"},{"code":"invalid_type","expected":"string","received":"undefined","path":["message"],"message":"Required"}]
2024-04-20T15:43:08.034Z name_too_small
2024-04-20T15:43:08.037Z [{"code":"too_small","minimum":3,"type":"string","inclusive":true,"exact":false,"message":"String must contain at least 3 character(s)","path":["name"]},{"validation":"email","code":"invalid_string","message":"Invalid email","path":["email"]},{"code":"too_small","minimum":8,"type":"string","inclusive":true,"exact":false,"message":"String must contain at least 8 character(s)","path":["email"]},{"expected":"'suggest' | 'ask' | 'job' | 'other'","received":"undefined","code":"invalid_type","path":["topic"],"message":"Required"},{"code":"invalid_type","expected":"string","received":"undefined","path":["message"],"message":"Required"}]
2024-04-20T15:43:08.037Z name_too_small
2024-04-20T15:43:08.042Z undefined
2024-04-20T15:43:08.045Z undefined
2024-04-20T15:43:15.151Z [{"code":"too_small","minimum":3,"type":"string","inclusive":true,"exact":false,"message":"String must contain at least 3 character(s)","path":["name"]},{"validation":"email","code":"invalid_string","message":"Invalid email","path":["email"]},{"code":"too_small","minimum":8,"type":"string","inclusive":true,"exact":false,"message":"String must contain at least 8 character(s)","path":["email"]},{"expected":"'suggest' | 'ask' | 'job' | 'other'","received":"undefined","code":"invalid_type","path":["topic"],"message":"Required"},{"code":"invalid_type","expected":"string","received":"undefined","path":["message"],"message":"Required"}]
2024-04-20T15:43:15.152Z name_too_small
2024-04-20T15:43:15.155Z [{"code":"too_small","minimum":3,"type":"string","inclusive":true,"exact":false,"message":"String must contain at least 3 character(s)","path":["name"]},{"validation":"email","code":"invalid_string","message":"Invalid email","path":["email"]},{"code":"too_small","minimum":8,"type":"string","inclusive":true,"exact":false,"message":"String must contain at least 8 character(s)","path":["email"]},{"expected":"'suggest' | 'ask' | 'job' | 'other'","received":"undefined","code":"invalid_type","path":["topic"],"message":"Required"},{"code":"invalid_type","expected":"string","received":"undefined","path":["message"],"message":"Required"}]
2024-04-20T15:43:15.155Z name_too_small
2024-04-20T15:43:15.157Z LINE_NOTIFY_TOKEN is not found.
2024-04-20T15:43:15.164Z LINE_NOTIFY_TOKEN is not found.
2024-04-20T15:43:15.166Z LINE_NOTIFY_TOKEN is not found.
2024-04-20T15:43:15.173Z LINE_NOTIFY_TOKEN is not found.
2024-04-20T15:43:27.866Z [{"code":"too_small","minimum":3,"type":"string","inclusive":true,"exact":false,"message":"String must contain at least 3 character(s)","path":["name"]},{"validation":"email","code":"invalid_string","message":"Invalid email","path":["email"]},{"code":"too_small","minimum":8,"type":"string","inclusive":true,"exact":false,"message":"String must contain at least 8 character(s)","path":["email"]},{"expected":"'suggest' | 'ask' | 'job' | 'other'","received":"undefined","code":"invalid_type","path":["topic"],"message":"Required"},{"code":"invalid_type","expected":"string","received":"undefined","path":["message"],"message":"Required"}]
2024-04-20T15:43:27.866Z name_too_small
2024-04-20T15:43:27.868Z [{"code":"too_small","minimum":3,"type":"string","inclusive":true,"exact":false,"message":"String must contain at least 3 character(s)","path":["name"]},{"validation":"email","code":"invalid_string","message":"Invalid email","path":["email"]},{"code":"too_small","minimum":8,"type":"string","inclusive":true,"exact":false,"message":"String must contain at least 8 character(s)","path":["email"]},{"expected":"'suggest' | 'ask' | 'job' | 'other'","received":"undefined","code":"invalid_type","path":["topic"],"message":"Required"},{"code":"invalid_type","expected":"string","received":"undefined","path":["message"],"message":"Required"}]
2024-04-20T15:43:27.868Z name_too_small
2024-04-20T15:43:27.873Z Cannot redefine property: env
2024-04-20T15:43:27.879Z Cannot redefine property: env
2024-04-20T15:43:27.885Z Cannot redefine property: env
2024-04-20T15:43:44.449Z [{"code":"too_small","minimum":3,"type":"string","inclusive":true,"exact":false,"message":"String must contain at least 3 character(s)","path":["name"]},{"validation":"email","code":"invalid_string","message":"Invalid email","path":["email"]},{"code":"too_small","minimum":8,"type":"string","inclusive":true,"exact":false,"message":"String must contain at least 8 character(s)","path":["email"]},{"expected":"'suggest' | 'ask' | 'job' | 'other'","received":"undefined","code":"invalid_type","path":["topic"],"message":"Required"},{"code":"invalid_type","expected":"string","received":"undefined","path":["message"],"message":"Required"}]
2024-04-20T15:43:44.449Z name_too_small
2024-04-20T15:43:44.452Z [{"code":"too_small","minimum":3,"type":"string","inclusive":true,"exact":false,"message":"String must contain at least 3 character(s)","path":["name"]},{"validation":"email","code":"invalid_string","message":"Invalid email","path":["email"]},{"code":"too_small","minimum":8,"type":"string","inclusive":true,"exact":false,"message":"String must contain at least 8 character(s)","path":["email"]},{"expected":"'suggest' | 'ask' | 'job' | 'other'","received":"undefined","code":"invalid_type","path":["topic"],"message":"Required"},{"code":"invalid_type","expected":"string","received":"undefined","path":["message"],"message":"Required"}]
2024-04-20T15:43:44.452Z name_too_small
2024-04-20T15:43:44.457Z Cannot redefine property: env
2024-04-20T15:43:44.467Z Cannot redefine property: env
2024-04-20T15:43:44.475Z Cannot redefine property: env
2024-04-20T15:43:59.324Z [{"code":"too_small","minimum":3,"type":"string","inclusive":true,"exact":false,"message":"String must contain at least 3 character(s)","path":["name"]},{"validation":"email","code":"invalid_string","message":"Invalid email","path":["email"]},{"code":"too_small","minimum":8,"type":"string","inclusive":true,"exact":false,"message":"String must contain at least 8 character(s)","path":["email"]},{"expected":"'suggest' | 'ask' | 'job' | 'other'","received":"undefined","code":"invalid_type","path":["topic"],"message":"Required"},{"code":"invalid_type","expected":"string","received":"undefined","path":["message"],"message":"Required"}]
2024-04-20T15:43:59.324Z name_too_small
2024-04-20T15:43:59.326Z [{"code":"too_small","minimum":3,"type":"string","inclusive":true,"exact":false,"message":"String must contain at least 3 character(s)","path":["name"]},{"validation":"email","code":"invalid_string","message":"Invalid email","path":["email"]},{"code":"too_small","minimum":8,"type":"string","inclusive":true,"exact":false,"message":"String must contain at least 8 character(s)","path":["email"]},{"expected":"'suggest' | 'ask' | 'job' | 'other'","received":"undefined","code":"invalid_type","path":["topic"],"message":"Required"},{"code":"invalid_type","expected":"string","received":"undefined","path":["message"],"message":"Required"}]
2024-04-20T15:43:59.326Z name_too_small
2024-04-20T15:43:59.345Z Cannot redefine property: env
2024-04-20T15:43:59.350Z Cannot redefine property: env
2024-04-20T15:43:59.356Z Cannot redefine property: env
2024-04-20T15:47:42.972Z [{"code":"too_small","minimum":3,"type":"string","inclusive":true,"exact":false,"message":"String must contain at least 3 character(s)","path":["name"]},{"validation":"email","code":"invalid_string","message":"Invalid email","path":["email"]},{"code":"too_small","minimum":8,"type":"string","inclusive":true,"exact":false,"message":"String must contain at least 8 character(s)","path":["email"]},{"expected":"'suggest' | 'ask' | 'job' | 'other'","received":"undefined","code":"invalid_type","path":["topic"],"message":"Required"},{"code":"invalid_type","expected":"string","received":"undefined","path":["message"],"message":"Required"}]
2024-04-20T15:47:42.972Z name_too_small
2024-04-20T15:47:42.976Z [{"code":"too_small","minimum":3,"type":"string","inclusive":true,"exact":false,"message":"String must contain at least 3 character(s)","path":["name"]},{"validation":"email","code":"invalid_string","message":"Invalid email","path":["email"]},{"code":"too_small","minimum":8,"type":"string","inclusive":true,"exact":false,"message":"String must contain at least 8 character(s)","path":["email"]},{"expected":"'suggest' | 'ask' | 'job' | 'other'","received":"undefined","code":"invalid_type","path":["topic"],"message":"Required"},{"code":"invalid_type","expected":"string","received":"undefined","path":["message"],"message":"Required"}]
2024-04-20T15:47:42.976Z name_too_small
2024-04-20T15:47:42.985Z undefined
2024-04-20T15:47:42.987Z undefined
2024-04-20T15:48:00.805Z [{"code":"too_small","minimum":3,"type":"string","inclusive":true,"exact":false,"message":"String must contain at least 3 character(s)","path":["name"]},{"validation":"email","code":"invalid_string","message":"Invalid email","path":["email"]},{"code":"too_small","minimum":8,"type":"string","inclusive":true,"exact":false,"message":"String must contain at least 8 character(s)","path":["email"]},{"expected":"'suggest' | 'ask' | 'job' | 'other'","received":"undefined","code":"invalid_type","path":["topic"],"message":"Required"},{"code":"invalid_type","expected":"string","received":"undefined","path":["message"],"message":"Required"}]
2024-04-20T15:48:00.805Z name_too_small
2024-04-20T15:48:00.809Z [{"code":"too_small","minimum":3,"type":"string","inclusive":true,"exact":false,"message":"String must contain at least 3 character(s)","path":["name"]},{"validation":"email","code":"invalid_string","message":"Invalid email","path":["email"]},{"code":"too_small","minimum":8,"type":"string","inclusive":true,"exact":false,"message":"String must contain at least 8 character(s)","path":["email"]},{"expected":"'suggest' | 'ask' | 'job' | 'other'","received":"undefined","code":"invalid_type","path":["topic"],"message":"Required"},{"code":"invalid_type","expected":"string","received":"undefined","path":["message"],"message":"Required"}]
2024-04-20T15:48:00.809Z name_too_small
2024-04-20T15:48:00.818Z undefined
2024-04-20T15:48:00.822Z undefined
2024-04-20T15:48:36.458Z [{"code":"too_small","minimum":3,"type":"string","inclusive":true,"exact":false,"message":"String must contain at least 3 character(s)","path":["name"]},{"validation":"email","code":"invalid_string","message":"Invalid email","path":["email"]},{"code":"too_small","minimum":8,"type":"string","inclusive":true,"exact":false,"message":"String must contain at least 8 character(s)","path":["email"]},{"expected":"'suggest' | 'ask' | 'job' | 'other'","received":"undefined","code":"invalid_type","path":["topic"],"message":"Required"},{"code":"invalid_type","expected":"string","received":"undefined","path":["message"],"message":"Required"}]
2024-04-20T15:48:36.458Z name_too_small
2024-04-20T15:48:36.462Z [{"code":"too_small","minimum":3,"type":"string","inclusive":true,"exact":false,"message":"String must contain at least 3 character(s)","path":["name"]},{"validation":"email","code":"invalid_string","message":"Invalid email","path":["email"]},{"code":"too_small","minimum":8,"type":"string","inclusive":true,"exact":false,"message":"String must contain at least 8 character(s)","path":["email"]},{"expected":"'suggest' | 'ask' | 'job' | 'other'","received":"undefined","code":"invalid_type","path":["topic"],"message":"Required"},{"code":"invalid_type","expected":"string","received":"undefined","path":["message"],"message":"Required"}]
2024-04-20T15:48:36.462Z name_too_small
2024-04-20T15:48:36.471Z undefined
2024-04-20T15:48:36.474Z undefined
2024-04-20T15:48:47.971Z [{"code":"too_small","minimum":3,"type":"string","inclusive":true,"exact":false,"message":"String must contain at least 3 character(s)","path":["name"]},{"validation":"email","code":"invalid_string","message":"Invalid email","path":["email"]},{"code":"too_small","minimum":8,"type":"string","inclusive":true,"exact":false,"message":"String must contain at least 8 character(s)","path":["email"]},{"expected":"'suggest' | 'ask' | 'job' | 'other'","received":"undefined","code":"invalid_type","path":["topic"],"message":"Required"},{"code":"invalid_type","expected":"string","received":"undefined","path":["message"],"message":"Required"}]
2024-04-20T15:48:47.971Z name_too_small
2024-04-20T15:48:47.977Z [{"code":"too_small","minimum":3,"type":"string","inclusive":true,"exact":false,"message":"String must contain at least 3 character(s)","path":["name"]},{"validation":"email","code":"invalid_string","message":"Invalid email","path":["email"]},{"code":"too_small","minimum":8,"type":"string","inclusive":true,"exact":false,"message":"String must contain at least 8 character(s)","path":["email"]},{"expected":"'suggest' | 'ask' | 'job' | 'other'","received":"undefined","code":"invalid_type","path":["topic"],"message":"Required"},{"code":"invalid_type","expected":"string","received":"undefined","path":["message"],"message":"Required"}]
2024-04-20T15:48:47.977Z name_too_small
2024-04-20T15:48:47.991Z undefined
2024-04-20T15:48:47.998Z undefined
2024-04-20T15:48:55.313Z [{"code":"too_small","minimum":3,"type":"string","inclusive":true,"exact":false,"message":"String must contain at least 3 character(s)","path":["name"]},{"validation":"email","code":"invalid_string","message":"Invalid email","path":["email"]},{"code":"too_small","minimum":8,"type":"string","inclusive":true,"exact":false,"message":"String must contain at least 8 character(s)","path":["email"]},{"expected":"'suggest' | 'ask' | 'job' | 'other'","received":"undefined","code":"invalid_type","path":["topic"],"message":"Required"},{"code":"invalid_type","expected":"string","received":"undefined","path":["message"],"message":"Required"}]
2024-04-20T15:48:55.313Z name_too_small
2024-04-20T15:48:55.318Z [{"code":"too_small","minimum":3,"type":"string","inclusive":true,"exact":false,"message":"String must contain at least 3 character(s)","path":["name"]},{"validation":"email","code":"invalid_string","message":"Invalid email","path":["email"]},{"code":"too_small","minimum":8,"type":"string","inclusive":true,"exact":false,"message":"String must contain at least 8 character(s)","path":["email"]},{"expected":"'suggest' | 'ask' | 'job' | 'other'","received":"undefined","code":"invalid_type","path":["topic"],"message":"Required"},{"code":"invalid_type","expected":"string","received":"undefined","path":["message"],"message":"Required"}]
2024-04-20T15:48:55.318Z name_too_small
2024-04-20T15:48:55.327Z undefined
2024-04-20T15:48:55.331Z undefined
2024-04-20T15:49:02.225Z [{"code":"too_small","minimum":3,"type":"string","inclusive":true,"exact":false,"message":"String must contain at least 3 character(s)","path":["name"]},{"validation":"email","code":"invalid_string","message":"Invalid email","path":["email"]},{"code":"too_small","minimum":8,"type":"string","inclusive":true,"exact":false,"message":"String must contain at least 8 character(s)","path":["email"]},{"expected":"'suggest' | 'ask' | 'job' | 'other'","received":"undefined","code":"invalid_type","path":["topic"],"message":"Required"},{"code":"invalid_type","expected":"string","received":"undefined","path":["message"],"message":"Required"}]
2024-04-20T15:49:02.225Z name_too_small
2024-04-20T15:49:02.229Z [{"code":"too_small","minimum":3,"type":"string","inclusive":true,"exact":false,"message":"String must contain at least 3 character(s)","path":["name"]},{"validation":"email","code":"invalid_string","message":"Invalid email","path":["email"]},{"code":"too_small","minimum":8,"type":"string","inclusive":true,"exact":false,"message":"String must contain at least 8 character(s)","path":["email"]},{"expected":"'suggest' | 'ask' | 'job' | 'other'","received":"undefined","code":"invalid_type","path":["topic"],"message":"Required"},{"code":"invalid_type","expected":"string","received":"undefined","path":["message"],"message":"Required"}]
2024-04-20T15:49:02.229Z name_too_small
2024-04-20T15:49:02.238Z undefined
2024-04-20T15:49:02.242Z undefined
2024-04-20T15:49:18.335Z [{"code":"too_small","minimum":3,"type":"string","inclusive":true,"exact":false,"message":"String must contain at least 3 character(s)","path":["name"]},{"validation":"email","code":"invalid_string","message":"Invalid email","path":["email"]},{"code":"too_small","minimum":8,"type":"string","inclusive":true,"exact":false,"message":"String must contain at least 8 character(s)","path":["email"]},{"expected":"'suggest' | 'ask' | 'job' | 'other'","received":"undefined","code":"invalid_type","path":["topic"],"message":"Required"},{"code":"invalid_type","expected":"string","received":"undefined","path":["message"],"message":"Required"}]
2024-04-20T15:49:18.335Z name_too_small
2024-04-20T15:49:18.338Z [{"code":"too_small","minimum":3,"type":"string","inclusive":true,"exact":false,"message":"String must contain at least 3 character(s)","path":["name"]},{"validation":"email","code":"invalid_string","message":"Invalid email","path":["email"]},{"code":"too_small","minimum":8,"type":"string","inclusive":true,"exact":false,"message":"String must contain at least 8 character(s)","path":["email"]},{"expected":"'suggest' | 'ask' | 'job' | 'other'","received":"undefined","code":"invalid_type","path":["topic"],"message":"Required"},{"code":"invalid_type","expected":"string","received":"undefined","path":["message"],"message":"Required"}]
2024-04-20T15:49:18.338Z name_too_small
2024-04-20T15:49:18.380Z undefined
2024-04-20T15:49:18.383Z undefined
2024-04-20T15:49:59.317Z [{"code":"too_small","minimum":3,"type":"string","inclusive":true,"exact":false,"message":"String must contain at least 3 character(s)","path":["name"]},{"validation":"email","code":"invalid_string","message":"Invalid email","path":["email"]},{"code":"too_small","minimum":8,"type":"string","inclusive":true,"exact":false,"message":"String must contain at least 8 character(s)","path":["email"]},{"expected":"'suggest' | 'ask' | 'job' | 'other'","received":"undefined","code":"invalid_type","path":["topic"],"message":"Required"},{"code":"invalid_type","expected":"string","received":"undefined","path":["message"],"message":"Required"}]
2024-04-20T15:49:59.317Z name_too_small
2024-04-20T15:49:59.320Z [{"code":"too_small","minimum":3,"type":"string","inclusive":true,"exact":false,"message":"String must contain at least 3 character(s)","path":["name"]},{"validation":"email","code":"invalid_string","message":"Invalid email","path":["email"]},{"code":"too_small","minimum":8,"type":"string","inclusive":true,"exact":false,"message":"String must contain at least 8 character(s)","path":["email"]},{"expected":"'suggest' | 'ask' | 'job' | 'other'","received":"undefined","code":"invalid_type","path":["topic"],"message":"Required"},{"code":"invalid_type","expected":"string","received":"undefined","path":["message"],"message":"Required"}]
2024-04-20T15:49:59.320Z name_too_small
2024-04-20T15:49:59.345Z undefined
2024-04-20T15:49:59.349Z undefined
2024-04-20T15:50:20.592Z [{"code":"too_small","minimum":3,"type":"string","inclusive":true,"exact":false,"message":"String must contain at least 3 character(s)","path":["name"]},{"validation":"email","code":"invalid_string","message":"Invalid email","path":["email"]},{"code":"too_small","minimum":8,"type":"string","inclusive":true,"exact":false,"message":"String must contain at least 8 character(s)","path":["email"]},{"expected":"'suggest' | 'ask' | 'job' | 'other'","received":"undefined","code":"invalid_type","path":["topic"],"message":"Required"},{"code":"invalid_type","expected":"string","received":"undefined","path":["message"],"message":"Required"}]
2024-04-20T15:50:20.592Z name_too_small
2024-04-20T15:50:20.597Z [{"code":"too_small","minimum":3,"type":"string","inclusive":true,"exact":false,"message":"String must contain at least 3 character(s)","path":["name"]},{"validation":"email","code":"invalid_string","message":"Invalid email","path":["email"]},{"code":"too_small","minimum":8,"type":"string","inclusive":true,"exact":false,"message":"String must contain at least 8 character(s)","path":["email"]},{"expected":"'suggest' | 'ask' | 'job' | 'other'","received":"undefined","code":"invalid_type","path":["topic"],"message":"Required"},{"code":"invalid_type","expected":"string","received":"undefined","path":["message"],"message":"Required"}]
2024-04-20T15:50:20.597Z name_too_small
2024-04-20T15:50:20.611Z undefined
2024-04-20T15:50:20.618Z undefined
2024-04-20T15:51:06.510Z [{"code":"too_small","minimum":3,"type":"string","inclusive":true,"exact":false,"message":"String must contain at least 3 character(s)","path":["name"]},{"validation":"email","code":"invalid_string","message":"Invalid email","path":["email"]},{"code":"too_small","minimum":8,"type":"string","inclusive":true,"exact":false,"message":"String must contain at least 8 character(s)","path":["email"]},{"expected":"'suggest' | 'ask' | 'job' | 'other'","received":"undefined","code":"invalid_type","path":["topic"],"message":"Required"},{"code":"invalid_type","expected":"string","received":"undefined","path":["message"],"message":"Required"}]
2024-04-20T15:51:06.511Z name_too_small
2024-04-20T15:51:06.528Z [{"code":"too_small","minimum":3,"type":"string","inclusive":true,"exact":false,"message":"String must contain at least 3 character(s)","path":["name"]},{"validation":"email","code":"invalid_string","message":"Invalid email","path":["email"]},{"code":"too_small","minimum":8,"type":"string","inclusive":true,"exact":false,"message":"String must contain at least 8 character(s)","path":["email"]},{"expected":"'suggest' | 'ask' | 'job' | 'other'","received":"undefined","code":"invalid_type","path":["topic"],"message":"Required"},{"code":"invalid_type","expected":"string","received":"undefined","path":["message"],"message":"Required"}]
2024-04-20T15:51:06.528Z name_too_small
2024-04-20T15:51:23.896Z [{"code":"too_small","minimum":3,"type":"string","inclusive":true,"exact":false,"message":"String must contain at least 3 character(s)","path":["name"]},{"validation":"email","code":"invalid_string","message":"Invalid email","path":["email"]},{"code":"too_small","minimum":8,"type":"string","inclusive":true,"exact":false,"message":"String must contain at least 8 character(s)","path":["email"]},{"expected":"'suggest' | 'ask' | 'job' | 'other'","received":"undefined","code":"invalid_type","path":["topic"],"message":"Required"},{"code":"invalid_type","expected":"string","received":"undefined","path":["message"],"message":"Required"}]
2024-04-20T15:51:23.896Z name_too_small
2024-04-20T15:51:23.902Z [{"code":"too_small","minimum":3,"type":"string","inclusive":true,"exact":false,"message":"String must contain at least 3 character(s)","path":["name"]},{"validation":"email","code":"invalid_string","message":"Invalid email","path":["email"]},{"code":"too_small","minimum":8,"type":"string","inclusive":true,"exact":false,"message":"String must contain at least 8 character(s)","path":["email"]},{"expected":"'suggest' | 'ask' | 'job' | 'other'","received":"undefined","code":"invalid_type","path":["topic"],"message":"Required"},{"code":"invalid_type","expected":"string","received":"undefined","path":["message"],"message":"Required"}]
2024-04-20T15:51:23.902Z name_too_small
2024-04-20T15:51:45.746Z [{"code":"too_small","minimum":3,"type":"string","inclusive":true,"exact":false,"message":"String must contain at least 3 character(s)","path":["name"]},{"validation":"email","code":"invalid_string","message":"Invalid email","path":["email"]},{"code":"too_small","minimum":8,"type":"string","inclusive":true,"exact":false,"message":"String must contain at least 8 character(s)","path":["email"]},{"expected":"'suggest' | 'ask' | 'job' | 'other'","received":"undefined","code":"invalid_type","path":["topic"],"message":"Required"},{"code":"invalid_type","expected":"string","received":"undefined","path":["message"],"message":"Required"}]
2024-04-20T15:51:45.746Z name_too_small
2024-04-20T15:51:45.752Z [{"code":"too_small","minimum":3,"type":"string","inclusive":true,"exact":false,"message":"String must contain at least 3 character(s)","path":["name"]},{"validation":"email","code":"invalid_string","message":"Invalid email","path":["email"]},{"code":"too_small","minimum":8,"type":"string","inclusive":true,"exact":false,"message":"String must contain at least 8 character(s)","path":["email"]},{"expected":"'suggest' | 'ask' | 'job' | 'other'","received":"undefined","code":"invalid_type","path":["topic"],"message":"Required"},{"code":"invalid_type","expected":"string","received":"undefined","path":["message"],"message":"Required"}]
2024-04-20T15:51:45.752Z name_too_small
2024-04-20T15:52:33.941Z [{"code":"too_small","minimum":3,"type":"string","inclusive":true,"exact":false,"message":"String must contain at least 3 character(s)","path":["name"]},{"validation":"email","code":"invalid_string","message":"Invalid email","path":["email"]},{"code":"too_small","minimum":8,"type":"string","inclusive":true,"exact":false,"message":"String must contain at least 8 character(s)","path":["email"]},{"expected":"'suggest' | 'ask' | 'job' | 'other'","received":"undefined","code":"invalid_type","path":["topic"],"message":"Required"},{"code":"invalid_type","expected":"string","received":"undefined","path":["message"],"message":"Required"}]
2024-04-20T15:52:33.941Z name_too_small
2024-04-20T15:53:01.346Z [{"code":"too_small","minimum":3,"type":"string","inclusive":true,"exact":false,"message":"String must contain at least 3 character(s)","path":["name"]},{"validation":"email","code":"invalid_string","message":"Invalid email","path":["email"]},{"code":"too_small","minimum":8,"type":"string","inclusive":true,"exact":false,"message":"String must contain at least 8 character(s)","path":["email"]},{"expected":"'suggest' | 'ask' | 'job' | 'other'","received":"undefined","code":"invalid_type","path":["topic"],"message":"Required"},{"code":"invalid_type","expected":"string","received":"undefined","path":["message"],"message":"Required"}]
2024-04-20T15:53:01.346Z name_too_small
2024-04-20T16:04:36.989Z [{"code":"too_small","minimum":3,"type":"string","inclusive":true,"exact":false,"message":"String must contain at least 3 character(s)","path":["name"]},{"validation":"email","code":"invalid_string","message":"Invalid email","path":["email"]},{"code":"too_small","minimum":8,"type":"string","inclusive":true,"exact":false,"message":"String must contain at least 8 character(s)","path":["email"]},{"expected":"'suggest' | 'ask' | 'job' | 'other'","received":"undefined","code":"invalid_type","path":["topic"],"message":"Required"},{"code":"invalid_type","expected":"string","received":"undefined","path":["message"],"message":"Required"}]
2024-04-20T16:04:36.989Z name_too_small
2024-04-20T16:04:36.992Z [{"code":"too_small","minimum":3,"type":"string","inclusive":true,"exact":false,"message":"String must contain at least 3 character(s)","path":["name"]},{"validation":"email","code":"invalid_string","message":"Invalid email","path":["email"]},{"code":"too_small","minimum":8,"type":"string","inclusive":true,"exact":false,"message":"String must contain at least 8 character(s)","path":["email"]},{"expected":"'suggest' | 'ask' | 'job' | 'other'","received":"undefined","code":"invalid_type","path":["topic"],"message":"Required"},{"code":"invalid_type","expected":"string","received":"undefined","path":["message"],"message":"Required"}]
2024-04-20T16:04:36.992Z name_too_small
2024-04-20T16:04:37.022Z undefined
2024-04-20T16:04:37.026Z undefined
2024-04-20T16:04:37.157Z [{"code":"too_small","minimum":3,"type":"string","inclusive":true,"exact":false,"message":"String must contain at least 3 character(s)","path":["name"]},{"validation":"email","code":"invalid_string","message":"Invalid email","path":["email"]},{"code":"too_small","minimum":8,"type":"string","inclusive":true,"exact":false,"message":"String must contain at least 8 character(s)","path":["email"]},{"expected":"'suggest' | 'ask' | 'job' | 'other'","received":"undefined","code":"invalid_type","path":["topic"],"message":"Required"},{"code":"invalid_type","expected":"string","received":"undefined","path":["message"],"message":"Required"}]
2024-04-20T16:04:37.157Z name_too_small
2024-04-20T16:04:37.159Z [{"code":"too_small","minimum":3,"type":"string","inclusive":true,"exact":false,"message":"String must contain at least 3 character(s)","path":["name"]},{"validation":"email","code":"invalid_string","message":"Invalid email","path":["email"]},{"code":"too_small","minimum":8,"type":"string","inclusive":true,"exact":false,"message":"String must contain at least 8 character(s)","path":["email"]},{"expected":"'suggest' | 'ask' | 'job' | 'other'","received":"undefined","code":"invalid_type","path":["topic"],"message":"Required"},{"code":"invalid_type","expected":"string","received":"undefined","path":["message"],"message":"Required"}]
2024-04-20T16:04:37.159Z name_too_small
2024-04-20T16:04:37.163Z undefined
2024-04-20T16:04:37.164Z undefined
2024-04-20T16:23:50.104Z [{"code":"too_small","minimum":3,"type":"string","inclusive":true,"exact":false,"message":"String must contain at least 3 character(s)","path":["name"]},{"validation":"email","code":"invalid_string","message":"Invalid email","path":["email"]},{"code":"too_small","minimum":8,"type":"string","inclusive":true,"exact":false,"message":"String must contain at least 8 character(s)","path":["email"]},{"expected":"'suggest' | 'ask' | 'job' | 'other'","received":"undefined","code":"invalid_type","path":["topic"],"message":"Required"},{"code":"invalid_type","expected":"string","received":"undefined","path":["message"],"message":"Required"}]
2024-04-20T16:23:50.104Z name_too_small
2024-04-20T16:23:50.107Z [{"code":"too_small","minimum":3,"type":"string","inclusive":true,"exact":false,"message":"String must contain at least 3 character(s)","path":["name"]},{"validation":"email","code":"invalid_string","message":"Invalid email","path":["email"]},{"code":"too_small","minimum":8,"type":"string","inclusive":true,"exact":false,"message":"String must contain at least 8 character(s)","path":["email"]},{"expected":"'suggest' | 'ask' | 'job' | 'other'","received":"undefined","code":"invalid_type","path":["topic"],"message":"Required"},{"code":"invalid_type","expected":"string","received":"undefined","path":["message"],"message":"Required"}]
2024-04-20T16:23:50.107Z name_too_small
2024-04-20T16:23:50.116Z undefined
2024-04-20T16:23:50.119Z undefined
2024-04-20T16:23:50.206Z [{"code":"too_small","minimum":3,"type":"string","inclusive":true,"exact":false,"message":"String must contain at least 3 character(s)","path":["name"]},{"validation":"email","code":"invalid_string","message":"Invalid email","path":["email"]},{"code":"too_small","minimum":8,"type":"string","inclusive":true,"exact":false,"message":"String must contain at least 8 character(s)","path":["email"]},{"expected":"'suggest' | 'ask' | 'job' | 'other'","received":"undefined","code":"invalid_type","path":["topic"],"message":"Required"},{"code":"invalid_type","expected":"string","received":"undefined","path":["message"],"message":"Required"}]
2024-04-20T16:23:50.206Z name_too_small
2024-04-20T16:23:50.210Z [{"code":"too_small","minimum":3,"type":"string","inclusive":true,"exact":false,"message":"String must contain at least 3 character(s)","path":["name"]},{"validation":"email","code":"invalid_string","message":"Invalid email","path":["email"]},{"code":"too_small","minimum":8,"type":"string","inclusive":true,"exact":false,"message":"String must contain at least 8 character(s)","path":["email"]},{"expected":"'suggest' | 'ask' | 'job' | 'other'","received":"undefined","code":"invalid_type","path":["topic"],"message":"Required"},{"code":"invalid_type","expected":"string","received":"undefined","path":["message"],"message":"Required"}]
2024-04-20T16:23:50.211Z name_too_small
2024-04-20T16:23:50.217Z undefined
2024-04-20T16:23:50.219Z undefined
2024-04-20T16:24:56.290Z [{"code":"too_small","minimum":3,"type":"string","inclusive":true,"exact":false,"message":"String must contain at least 3 character(s)","path":["name"]},{"validation":"email","code":"invalid_string","message":"Invalid email","path":["email"]},{"code":"too_small","minimum":8,"type":"string","inclusive":true,"exact":false,"message":"String must contain at least 8 character(s)","path":["email"]},{"expected":"'suggest' | 'ask' | 'job' | 'other'","received":"undefined","code":"invalid_type","path":["topic"],"message":"Required"},{"code":"invalid_type","expected":"string","received":"undefined","path":["message"],"message":"Required"}]
2024-04-20T16:24:56.290Z name_too_small
2024-04-20T16:24:56.292Z [{"code":"too_small","minimum":3,"type":"string","inclusive":true,"exact":false,"message":"String must contain at least 3 character(s)","path":["name"]},{"validation":"email","code":"invalid_string","message":"Invalid email","path":["email"]},{"code":"too_small","minimum":8,"type":"string","inclusive":true,"exact":false,"message":"String must contain at least 8 character(s)","path":["email"]},{"expected":"'suggest' | 'ask' | 'job' | 'other'","received":"undefined","code":"invalid_type","path":["topic"],"message":"Required"},{"code":"invalid_type","expected":"string","received":"undefined","path":["message"],"message":"Required"}]
2024-04-20T16:24:56.292Z name_too_small
2024-04-20T16:24:56.298Z undefined
2024-04-20T16:24:56.300Z undefined
2024-04-20T16:24:56.312Z [{"code":"too_small","minimum":3,"type":"string","inclusive":true,"exact":false,"message":"String must contain at least 3 character(s)","path":["name"]},{"validation":"email","code":"invalid_string","message":"Invalid email","path":["email"]},{"code":"too_small","minimum":8,"type":"string","inclusive":true,"exact":false,"message":"String must contain at least 8 character(s)","path":["email"]},{"expected":"'suggest' | 'ask' | 'job' | 'other'","received":"undefined","code":"invalid_type","path":["topic"],"message":"Required"},{"code":"invalid_type","expected":"string","received":"undefined","path":["message"],"message":"Required"}]
2024-04-20T16:24:56.313Z name_too_small
2024-04-20T16:24:56.316Z [{"code":"too_small","minimum":3,"type":"string","inclusive":true,"exact":false,"message":"String must contain at least 3 character(s)","path":["name"]},{"validation":"email","code":"invalid_string","message":"Invalid email","path":["email"]},{"code":"too_small","minimum":8,"type":"string","inclusive":true,"exact":false,"message":"String must contain at least 8 character(s)","path":["email"]},{"expected":"'suggest' | 'ask' | 'job' | 'other'","received":"undefined","code":"invalid_type","path":["topic"],"message":"Required"},{"code":"invalid_type","expected":"string","received":"undefined","path":["message"],"message":"Required"}]
2024-04-20T16:24:56.316Z name_too_small
2024-04-20T16:24:56.323Z undefined
2024-04-20T16:24:56.328Z undefined
2024-04-20T16:25:28.086Z LINE_NOTIFY_TOKEN is not found.
2024-04-20T16:25:29.737Z LINE_NOTIFY_TOKEN is not found.
2024-04-20T16:26:39.388Z LINE_NOTIFY_TOKEN is not found.
2024-04-20T16:27:46.534Z LINE_NOTIFY_TOKEN is not found.
2024-04-20T16:29:21.828Z LINE_NOTIFY_TOKEN is not found.
2024-04-20T16:29:22.904Z LINE_NOTIFY_TOKEN is not found.
2024-04-20T16:29:53.739Z [{"code":"too_small","minimum":3,"type":"string","inclusive":true,"exact":false,"message":"String must contain at least 3 character(s)","path":["name"]},{"validation":"email","code":"invalid_string","message":"Invalid email","path":["email"]},{"code":"too_small","minimum":8,"type":"string","inclusive":true,"exact":false,"message":"String must contain at least 8 character(s)","path":["email"]},{"expected":"'suggest' | 'ask' | 'job' | 'other'","received":"undefined","code":"invalid_type","path":["topic"],"message":"Required"},{"code":"invalid_type","expected":"string","received":"undefined","path":["message"],"message":"Required"}]
2024-04-20T16:29:53.739Z name_too_small
2024-04-20T16:29:53.741Z [{"code":"too_small","minimum":3,"type":"string","inclusive":true,"exact":false,"message":"String must contain at least 3 character(s)","path":["name"]},{"validation":"email","code":"invalid_string","message":"Invalid email","path":["email"]},{"code":"too_small","minimum":8,"type":"string","inclusive":true,"exact":false,"message":"String must contain at least 8 character(s)","path":["email"]},{"expected":"'suggest' | 'ask' | 'job' | 'other'","received":"undefined","code":"invalid_type","path":["topic"],"message":"Required"},{"code":"invalid_type","expected":"string","received":"undefined","path":["message"],"message":"Required"}]
2024-04-20T16:29:53.741Z name_too_small
2024-04-20T16:29:53.747Z undefined
2024-04-20T16:29:53.750Z undefined
2024-04-20T16:29:53.757Z [{"code":"too_small","minimum":3,"type":"string","inclusive":true,"exact":false,"message":"String must contain at least 3 character(s)","path":["name"]},{"validation":"email","code":"invalid_string","message":"Invalid email","path":["email"]},{"code":"too_small","minimum":8,"type":"string","inclusive":true,"exact":false,"message":"String must contain at least 8 character(s)","path":["email"]},{"expected":"'suggest' | 'ask' | 'job' | 'other'","received":"undefined","code":"invalid_type","path":["topic"],"message":"Required"},{"code":"invalid_type","expected":"string","received":"undefined","path":["message"],"message":"Required"}]
2024-04-20T16:29:53.757Z name_too_small
2024-04-20T16:29:53.761Z [{"code":"too_small","minimum":3,"type":"string","inclusive":true,"exact":false,"message":"String must contain at least 3 character(s)","path":["name"]},{"validation":"email","code":"invalid_string","message":"Invalid email","path":["email"]},{"code":"too_small","minimum":8,"type":"string","inclusive":true,"exact":false,"message":"String must contain at least 8 character(s)","path":["email"]},{"expected":"'suggest' | 'ask' | 'job' | 'other'","received":"undefined","code":"invalid_type","path":["topic"],"message":"Required"},{"code":"invalid_type","expected":"string","received":"undefined","path":["message"],"message":"Required"}]
2024-04-20T16:29:53.761Z name_too_small
2024-04-20T16:29:53.768Z undefined
2024-04-20T16:29:53.770Z undefined
2024-04-20T16:32:25.728Z [{"code":"too_small","minimum":3,"type":"string","inclusive":true,"exact":false,"message":"String must contain at least 3 character(s)","path":["name"]},{"validation":"email","code":"invalid_string","message":"Invalid email","path":["email"]},{"code":"too_small","minimum":8,"type":"string","inclusive":true,"exact":false,"message":"String must contain at least 8 character(s)","path":["email"]},{"expected":"'suggest' | 'ask' | 'job' | 'other'","received":"undefined","code":"invalid_type","path":["topic"],"message":"Required"},{"code":"invalid_type","expected":"string","received":"undefined","path":["message"],"message":"Required"}]
2024-04-20T16:32:25.729Z name_too_small
2024-04-20T16:32:25.731Z [{"code":"too_small","minimum":3,"type":"string","inclusive":true,"exact":false,"message":"String must contain at least 3 character(s)","path":["name"]},{"validation":"email","code":"invalid_string","message":"Invalid email","path":["email"]},{"code":"too_small","minimum":8,"type":"string","inclusive":true,"exact":false,"message":"String must contain at least 8 character(s)","path":["email"]},{"expected":"'suggest' | 'ask' | 'job' | 'other'","received":"undefined","code":"invalid_type","path":["topic"],"message":"Required"},{"code":"invalid_type","expected":"string","received":"undefined","path":["message"],"message":"Required"}]
2024-04-20T16:32:25.731Z name_too_small
2024-04-20T16:32:25.736Z undefined
2024-04-20T16:32:25.738Z undefined
2024-04-20T16:32:25.743Z [{"code":"too_small","minimum":3,"type":"string","inclusive":true,"exact":false,"message":"String must contain at least 3 character(s)","path":["name"]},{"validation":"email","code":"invalid_string","message":"Invalid email","path":["email"]},{"code":"too_small","minimum":8,"type":"string","inclusive":true,"exact":false,"message":"String must contain at least 8 character(s)","path":["email"]},{"expected":"'suggest' | 'ask' | 'job' | 'other'","received":"undefined","code":"invalid_type","path":["topic"],"message":"Required"},{"code":"invalid_type","expected":"string","received":"undefined","path":["message"],"message":"Required"}]
2024-04-20T16:32:25.743Z name_too_small
2024-04-20T16:32:25.746Z [{"code":"too_small","minimum":3,"type":"string","inclusive":true,"exact":false,"message":"String must contain at least 3 character(s)","path":["name"]},{"validation":"email","code":"invalid_string","message":"Invalid email","path":["email"]},{"code":"too_small","minimum":8,"type":"string","inclusive":true,"exact":false,"message":"String must contain at least 8 character(s)","path":["email"]},{"expected":"'suggest' | 'ask' | 'job' | 'other'","received":"undefined","code":"invalid_type","path":["topic"],"message":"Required"},{"code":"invalid_type","expected":"string","received":"undefined","path":["message"],"message":"Required"}]
2024-04-20T16:32:25.746Z name_too_small
2024-04-20T16:32:25.751Z undefined
2024-04-20T16:32:25.753Z undefined
